#
# A fatal error has been detected by the Java Runtime Environment:
#
#  EXCEPTION_ACCESS_VIOLATION (0xc0000005) at pc=0x6d166ae0, pid=3800, tid=2848
#
# JRE version: 6.0_20-b02
# Java VM: Java HotSpot(TM) Client VM (16.3-b01 mixed mode, sharing windows-x86 )
# Problematic frame:
# C  [awt.dll+0xb6ae0]
#
# If you would like to submit a bug report, please visit:
#   http://java.sun.com/webapps/bugreport/crash.jsp
# The crash happened outside the Java Virtual Machine in native code.
# See problematic frame for where to report the bug.
#

---------------  T H R E A D  ---------------

Current thread (0x03e34c00):  JavaThread "AWT-Windows" daemon [_thread_in_native, id=2848, stack(0x04260000,0x042b0000)]

siginfo: ExceptionCode=0xc0000005, reading address 0x00000000

Registers:
EAX=0x042af724, EBX=0x03e4a3b0, ECX=0x00000274, EDX=0x000000c0
ESP=0x042af70c, EBP=0x042af8b8, ESI=0x00000000, EDI=0x000000c0
EIP=0x6d166ae0, EFLAGS=0x00010206

Top of Stack: (sp=0x042af70c)
0x042af70c:   042af724 00001000 00000500 03e49128
0x042af71c:   0000002d 00000500 03e49128 6d15ed0b
0x042af72c:   00000000 03e3519c 03e49128 03e49128
0x042af73c:   042af71c 042af8b8 000002b2 00000500
0x042af74c:   03e49128 6d1626cf 44a00000 442c8000
0x042af75c:   00000500 000002b2 03e35188 6d163191
0x042af76c:   6d16362d 00000000 00000016 00000500
0x042af77c:   0000002d 00009824 03e34d10 00000001 

Instructions: (pc=0x6d166ae0)
0x6d166ad0:   05 00 20 00 00 50 c1 e2 05 8d 44 24 14 50 8b fa
0x6d166ae0:   8b 16 57 c1 e1 05 51 56 ff 52 2c 85 c0 0f 8c 93 


Stack: [0x04260000,0x042b0000],  sp=0x042af70c,  free space=13d042af228k
Native frames: (J=compiled Java code, j=interpreted, Vv=VM code, C=native code)
C  [awt.dll+0xb6ae0]
C  [awt.dll+0x9c6ec]
C  [USER32.dll+0x186ef]
C  [USER32.dll+0x18876]
C  [USER32.dll+0x170f4]
C  [USER32.dll+0x1738f]
C  [ntdll.dll+0x4642e]
C  [USER32.dll+0x192a9]

Java frames: (J=compiled Java code, j=interpreted, Vv=VM code)
j  sun.awt.windows.WToolkit.eventLoop()V+0
j  sun.awt.windows.WToolkit.run()V+77
j  java.lang.Thread.run()V+11
v  ~StubRoutines::call_stub

---------------  P R O C E S S  ---------------

Java Threads: ( => current thread )
  0x0182cc00 JavaThread "D3D Screen Updater" daemon [_thread_blocked, id=1576, stack(0x06ac0000,0x06b10000)]
  0x00359000 JavaThread "DestroyJavaVM" [_thread_blocked, id=1660, stack(0x00380000,0x003d0000)]
  0x03f5fc00 JavaThread "TimerQueue" daemon [_thread_blocked, id=2884, stack(0x069f0000,0x06a40000)]
  0x03f5ec00 JavaThread "AWT-EventQueue-0" [_thread_in_native, id=3864, stack(0x069a0000,0x069f0000)]
=>0x03e34c00 JavaThread "AWT-Windows" daemon [_thread_in_native, id=2848, stack(0x04260000,0x042b0000)]
  0x03e34400 JavaThread "AWT-Shutdown" [_thread_blocked, id=3364, stack(0x04210000,0x04260000)]
  0x018b2000 JavaThread "Java2D Disposer" daemon [_thread_blocked, id=820, stack(0x041c0000,0x04210000)]
  0x01880000 JavaThread "Low Memory Detector" daemon [_thread_blocked, id=2584, stack(0x03cb0000,0x03d00000)]
  0x0187a800 JavaThread "CompilerThread0" daemon [_thread_blocked, id=2408, stack(0x03c60000,0x03cb0000)]
  0x01879800 JavaThread "Attach Listener" daemon [_thread_blocked, id=1876, stack(0x03c10000,0x03c60000)]
  0x01876800 JavaThread "Signal Dispatcher" daemon [_thread_blocked, id=3460, stack(0x03bc0000,0x03c10000)]
  0x01835c00 JavaThread "Finalizer" daemon [_thread_blocked, id=3708, stack(0x03b70000,0x03bc0000)]
  0x01831400 JavaThread "Reference Handler" daemon [_thread_blocked, id=2212, stack(0x03b20000,0x03b70000)]

Other Threads:
  0x01830000 VMThread [stack: 0x03ad0000,0x03b20000] [id=816]
  0x01881c00 WatcherThread [stack: 0x03d00000,0x03d50000] [id=3092]

VM state:not at safepoint (normal execution)

VM Mutex/Monitor currently owned by a thread: None

Heap
 def new generation   total 4928K, used 4098K [0x23a50000, 0x23fa0000, 0x28fa0000)
  eden space 4416K,  87% used [0x23a50000, 0x23e14750, 0x23ea0000)
  from space 512K,  47% used [0x23ea0000, 0x23edc2f0, 0x23f20000)
  to   space 512K,   0% used [0x23f20000, 0x23f20000, 0x23fa0000)
 tenured generation   total 10944K, used 2872K [0x28fa0000, 0x29a50000, 0x33a50000)
   the space 10944K,  26% used [0x28fa0000, 0x2926e0d8, 0x2926e200, 0x29a50000)
 compacting perm gen  total 12288K, used 2455K [0x33a50000, 0x34650000, 0x37a50000)
   the space 12288K,  19% used [0x33a50000, 0x33cb5c48, 0x33cb5e00, 0x34650000)
    ro space 10240K,  54% used [0x37a50000, 0x37fcb760, 0x37fcb800, 0x38450000)
    rw space 12288K,  55% used [0x38450000, 0x38aef798, 0x38aef800, 0x39050000)

Dynamic libraries:
0x00400000 - 0x00424000 	C:\Program Files\Java\jdk1.6.0_20\bin\java.exe
0x77050000 - 0x7718c000 	C:\Windows\SYSTEM32\ntdll.dll
0x75530000 - 0x75604000 	C:\Windows\system32\kernel32.dll
0x75300000 - 0x7534a000 	C:\Windows\system32\KERNELBASE.dll
0x76b70000 - 0x76c10000 	C:\Windows\system32\ADVAPI32.dll
0x771b0000 - 0x7725c000 	C:\Windows\system32\msvcrt.dll
0x77190000 - 0x771a9000 	C:\Windows\SYSTEM32\sechost.dll
0x76a30000 - 0x76ad1000 	C:\Windows\system32\RPCRT4.dll
0x7c340000 - 0x7c396000 	C:\Program Files\Java\jdk1.6.0_20\jre\bin\msvcr71.dll
0x6d8b0000 - 0x6db47000 	C:\Program Files\Java\jdk1.6.0_20\jre\bin\client\jvm.dll
0x758d0000 - 0x75999000 	C:\Windows\system32\USER32.dll
0x768a0000 - 0x768ee000 	C:\Windows\system32\GDI32.dll
0x76a20000 - 0x76a2a000 	C:\Windows\system32\LPK.dll
0x76980000 - 0x76a1d000 	C:\Windows\system32\USP10.dll
0x71510000 - 0x71542000 	C:\Windows\system32\WINMM.dll
0x77260000 - 0x7727f000 	C:\Windows\system32\IMM32.DLL
0x76e10000 - 0x76edc000 	C:\Windows\system32\MSCTF.dll
0x750d0000 - 0x7511b000 	C:\Windows\system32\apphelp.dll
0x6d860000 - 0x6d86c000 	C:\Program Files\Java\jdk1.6.0_20\jre\bin\verify.dll
0x6d3e0000 - 0x6d3ff000 	C:\Program Files\Java\jdk1.6.0_20\jre\bin\java.dll
0x6d340000 - 0x6d348000 	C:\Program Files\Java\jdk1.6.0_20\jre\bin\hpi.dll
0x759a0000 - 0x759a5000 	C:\Windows\system32\PSAPI.DLL
0x6d8a0000 - 0x6d8af000 	C:\Program Files\Java\jdk1.6.0_20\jre\bin\zip.dll
0x6d0b0000 - 0x6d1fa000 	C:\Program Files\Java\jdk1.6.0_20\jre\bin\awt.dll
0x6fac0000 - 0x6fb11000 	C:\Windows\system32\WINSPOOL.DRV
0x76ef0000 - 0x7704c000 	C:\Windows\system32\ole32.dll
0x74240000 - 0x743de000 	C:\Windows\WinSxS\x86_microsoft.windows.common-controls_6595b64144ccf1df_6.0.7600.16385_none_421189da2b7fabfc\COMCTL32.dll
0x757b0000 - 0x75807000 	C:\Windows\system32\SHLWAPI.dll
0x73d90000 - 0x73da3000 	C:\Windows\system32\DWMAPI.DLL
0x740c0000 - 0x74100000 	C:\Windows\system32\uxtheme.dll
0x6d2e0000 - 0x6d334000 	C:\Program Files\Java\jdk1.6.0_20\jre\bin\fontmanager.dll
0x75120000 - 0x7512c000 	C:\Windows\system32\CRYPTBASE.dll
0x5d790000 - 0x5d953000 	C:\Windows\system32\d3d9.dll
0x746a0000 - 0x746a9000 	C:\Windows\system32\VERSION.dll
0x73b80000 - 0x73b86000 	C:\Windows\system32\d3d8thk.dll
0x6fda0000 - 0x704fc000 	C:\Windows\system32\nvd3dum.dll
0x73ba0000 - 0x73bc5000 	C:\Windows\system32\powrprof.dll
0x75610000 - 0x757ad000 	C:\Windows\system32\SETUPAPI.dll
0x75350000 - 0x75377000 	C:\Windows\system32\CFGMGR32.dll
0x754a0000 - 0x7552f000 	C:\Windows\system32\OLEAUT32.dll
0x752b0000 - 0x752c2000 	C:\Windows\system32\DEVOBJ.dll
0x75c50000 - 0x76899000 	C:\Windows\system32\shell32.dll
0x6d420000 - 0x6d42d000 	C:\Program Files\Java\jdk1.6.0_20\jre\bin\JdbcOdbc.dll
0x6a320000 - 0x6a3aa000 	C:\Windows\system32\ODBC32.dll
0x6f1f0000 - 0x6f228000 	C:\Windows\system32\odbcint.dll
0x74d60000 - 0x74d77000 	C:\Windows\system32\bcrypt.dll
0x74900000 - 0x7493d000 	C:\Windows\system32\bcryptprimitives.dll
0x65120000 - 0x653a9000 	C:\Program Files\MySQL\Connector ODBC 5.1\myodbc5.dll
0x75890000 - 0x758c5000 	C:\Windows\system32\WS2_32.dll
0x76ee0000 - 0x76ee6000 	C:\Windows\system32\NSI.dll
0x72e30000 - 0x72e4e000 	C:\Windows\system32\odbccp32.dll
0x73640000 - 0x73650000 	C:\Windows\system32\NLAapi.dll
0x74be0000 - 0x74c1c000 	C:\Windows\System32\mswsock.dll
0x74aa0000 - 0x74ae4000 	C:\Windows\system32\DNSAPI.dll
0x718e0000 - 0x718e8000 	C:\Windows\System32\winrnr.dll
0x718d0000 - 0x718e0000 	C:\Windows\system32\napinsp.dll
0x718b0000 - 0x718c2000 	C:\Windows\system32\pnrpnsp.dll
0x71890000 - 0x71896000 	C:\Windows\system32\rasadhlp.dll
0x74730000 - 0x74735000 	C:\Windows\System32\wshtcpip.dll
0x73330000 - 0x7334c000 	C:\Windows\system32\IPHLPAPI.DLL
0x73320000 - 0x73327000 	C:\Windows\system32\WINNSI.DLL
0x73200000 - 0x73238000 	C:\Windows\System32\fwpuclnt.dll
0x6d6c0000 - 0x6d6d3000 	C:\Program Files\Java\jdk1.6.0_20\jre\bin\net.dll
0x74bd0000 - 0x74bd6000 	C:\Windows\System32\wship6.dll
0x6d6e0000 - 0x6d6e9000 	C:\Program Files\Java\jdk1.6.0_20\jre\bin\nio.dll
0x6d250000 - 0x6d273000 	C:\Program Files\Java\jdk1.6.0_20\jre\bin\dcpr.dll

VM Arguments:
jvm_args: -Dfile.encoding=UTF-8 
java_command: Login.usuarios
Launcher Type: SUN_STANDARD

Environment Variables:
JAVA_HOME=C:\Program Files\Java\jdk1.6.0_20
CLASSPATH=;C:\Program Files\Java\jdk1.6.0_20\lib
PATH=C:\Inprise\vbroker\bin;C:\Windows\system32;C:\Windows;C:\Windows\System32\Wbem;C:\Windows\System32\WindowsPowerShell\v1.0\;C:\Program Files\Java\jdk1.6.0_20\bin
USERNAME=admin
OS=Windows_NT
PROCESSOR_IDENTIFIER=x86 Family 6 Model 15 Stepping 13, GenuineIntel



---------------  S Y S T E M  ---------------

OS: Windows 7 Build 7600 

CPU:total 2 (2 cores per cpu, 1 threads per core) family 6 model 15 stepping 13, cmov, cx8, fxsr, mmx, sse, sse2, sse3, ssse3

Memory: 4k page, physical 1572088k(517396k free), swap 3144176k(1524060k free)

vm_info: Java HotSpot(TM) Client VM (16.3-b01) for windows-x86 JRE (1.6.0_20-b02), built on Apr 12 2010 13:52:23 by "java_re" with MS VC++ 7.1 (VS2003)

time: Fri Feb 11 10:58:44 2011
elapsed time: 2161 seconds

