#
# A fatal error has been detected by the Java Runtime Environment:
#
#  EXCEPTION_ACCESS_VIOLATION (0xc0000005) at pc=0x6d166ae0, pid=3676, tid=3516
#
# JRE version: 6.0_20-b02
# Java VM: Java HotSpot(TM) Client VM (16.3-b01 mixed mode, sharing windows-x86 )
# Problematic frame:
# C  [awt.dll+0xb6ae0]
#
# If you would like to submit a bug report, please visit:
#   http://java.sun.com/webapps/bugreport/crash.jsp
# The crash happened outside the Java Virtual Machine in native code.
# See problematic frame for where to report the bug.
#

---------------  T H R E A D  ---------------

Current thread (0x03dad800):  JavaThread "AWT-Windows" daemon [_thread_in_native, id=3516, stack(0x04240000,0x04290000)]

siginfo: ExceptionCode=0xc0000005, reading address 0x00000000

Registers:
EAX=0x0428f524, EBX=0x03dc0140, ECX=0x00000198, EDX=0x00002380
ESP=0x0428f50c, EBP=0x0428f6b8, ESI=0x00000000, EDI=0x00002380
EIP=0x6d166ae0, EFLAGS=0x00010202

Top of Stack: (sp=0x0428f50c)
0x0428f50c:   0428f524 00001000 000002ba 03dbff20
0x0428f51c:   00000019 000002bd 03dbff20 6d15ed0b
0x0428f52c:   00000000 03dae4ac 03dc0140 03dbff20
0x0428f53c:   000002b8 03dbff20 00000071 42e20000
0x0428f54c:   42e20000 6d16265a 00000004 42e20000
0x0428f55c:   000002b8 00000071 03dae498 6d162f5e
0x0428f56c:   6d16362d 00000003 00000003 000002ba
0x0428f57c:   00000019 00009824 03dad910 00000001 

Instructions: (pc=0x6d166ae0)
0x6d166ad0:   05 00 20 00 00 50 c1 e2 05 8d 44 24 14 50 8b fa
0x6d166ae0:   8b 16 57 c1 e1 05 51 56 ff 52 2c 85 c0 0f 8c 93 


Stack: [0x04240000,0x04290000],  sp=0x0428f50c,  free space=13d0428f028k
Native frames: (J=compiled Java code, j=interpreted, Vv=VM code, C=native code)
C  [awt.dll+0xb6ae0]
C  [awt.dll+0x9c6ec]
C  [USER32.dll+0x186ef]
C  [USER32.dll+0x18876]
C  [USER32.dll+0x170f4]
C  [USER32.dll+0x1738f]
C  [ntdll.dll+0x4642e]
C  [USER32.dll+0x192a9]

Java frames: (J=compiled Java code, j=interpreted, Vv=VM code)
j  sun.awt.windows.WToolkit.eventLoop()V+0
j  sun.awt.windows.WToolkit.run()V+77
j  java.lang.Thread.run()V+11
v  ~StubRoutines::call_stub

---------------  P R O C E S S  ---------------

Java Threads: ( => current thread )
  0x03d59000 JavaThread "D3D Screen Updater" daemon [_thread_blocked, id=5688, stack(0x06430000,0x06480000)]
  0x00369000 JavaThread "DestroyJavaVM" [_thread_blocked, id=4672, stack(0x002a0000,0x002f0000)]
  0x03f23800 JavaThread "TimerQueue" daemon [_thread_blocked, id=5244, stack(0x06d80000,0x06dd0000)]
  0x03eff000 JavaThread "AWT-EventQueue-0" [_thread_in_native, id=3068, stack(0x06d30000,0x06d80000)]
=>0x03dad800 JavaThread "AWT-Windows" daemon [_thread_in_native, id=3516, stack(0x04240000,0x04290000)]
  0x03dad000 JavaThread "AWT-Shutdown" [_thread_blocked, id=1644, stack(0x041b0000,0x04200000)]
  0x03daa400 JavaThread "Java2D Disposer" daemon [_thread_blocked, id=4148, stack(0x04160000,0x041b0000)]
  0x01950400 JavaThread "Low Memory Detector" daemon [_thread_blocked, id=1604, stack(0x03cb0000,0x03d00000)]
  0x0194ac00 JavaThread "CompilerThread0" daemon [_thread_blocked, id=1964, stack(0x03c60000,0x03cb0000)]
  0x01949800 JavaThread "Attach Listener" daemon [_thread_blocked, id=5720, stack(0x03c10000,0x03c60000)]
  0x01946800 JavaThread "Signal Dispatcher" daemon [_thread_blocked, id=1468, stack(0x03bc0000,0x03c10000)]
  0x01906000 JavaThread "Finalizer" daemon [_thread_blocked, id=3876, stack(0x03b70000,0x03bc0000)]
  0x01901400 JavaThread "Reference Handler" daemon [_thread_blocked, id=4180, stack(0x03b20000,0x03b70000)]

Other Threads:
  0x01900000 VMThread [stack: 0x03ad0000,0x03b20000] [id=5408]
  0x0196b400 WatcherThread [stack: 0x03d00000,0x03d50000] [id=3264]

VM state:not at safepoint (normal execution)

VM Mutex/Monitor currently owned by a thread: None

Heap
 def new generation   total 16320K, used 10323K [0x23a50000, 0x24c00000, 0x28fa0000)
  eden space 14528K,  58% used [0x23a50000, 0x242a4df8, 0x24880000)
  from space 1792K, 100% used [0x24a40000, 0x24c00000, 0x24c00000)
  to   space 1792K,   0% used [0x24880000, 0x24880000, 0x24a40000)
 tenured generation   total 36096K, used 24769K [0x28fa0000, 0x2b2e0000, 0x33a50000)
   the space 36096K,  68% used [0x28fa0000, 0x2a7d04d0, 0x2a7d0600, 0x2b2e0000)
 compacting perm gen  total 12288K, used 2600K [0x33a50000, 0x34650000, 0x37a50000)
   the space 12288K,  21% used [0x33a50000, 0x33cda0e0, 0x33cda200, 0x34650000)
    ro space 10240K,  54% used [0x37a50000, 0x37fcb760, 0x37fcb800, 0x38450000)
    rw space 12288K,  55% used [0x38450000, 0x38aef798, 0x38aef800, 0x39050000)

Dynamic libraries:
0x00400000 - 0x00424000 	C:\Program Files\Java\jdk1.6.0_20\bin\java.exe
0x77800000 - 0x7793c000 	C:\Windows\SYSTEM32\ntdll.dll
0x77460000 - 0x77534000 	C:\Windows\system32\kernel32.dll
0x75a50000 - 0x75a9a000 	C:\Windows\system32\KERNELBASE.dll
0x77370000 - 0x77410000 	C:\Windows\system32\ADVAPI32.dll
0x76100000 - 0x761ac000 	C:\Windows\system32\msvcrt.dll
0x761b0000 - 0x761c9000 	C:\Windows\SYSTEM32\sechost.dll
0x775e0000 - 0x77681000 	C:\Windows\system32\RPCRT4.dll
0x7c340000 - 0x7c396000 	C:\Program Files\Java\jdk1.6.0_20\jre\bin\msvcr71.dll
0x6d8b0000 - 0x6db47000 	C:\Program Files\Java\jdk1.6.0_20\jre\bin\client\jvm.dll
0x77690000 - 0x77759000 	C:\Windows\system32\USER32.dll
0x77540000 - 0x7758e000 	C:\Windows\system32\GDI32.dll
0x77940000 - 0x7794a000 	C:\Windows\system32\LPK.dll
0x77760000 - 0x777fd000 	C:\Windows\system32\USP10.dll
0x70320000 - 0x70352000 	C:\Windows\system32\WINMM.dll
0x764d0000 - 0x764ef000 	C:\Windows\system32\IMM32.DLL
0x761d0000 - 0x7629c000 	C:\Windows\system32\MSCTF.dll
0x75880000 - 0x758cb000 	C:\Windows\system32\apphelp.dll
0x6d860000 - 0x6d86c000 	C:\Program Files\Java\jdk1.6.0_20\jre\bin\verify.dll
0x6d3e0000 - 0x6d3ff000 	C:\Program Files\Java\jdk1.6.0_20\jre\bin\java.dll
0x6d340000 - 0x6d348000 	C:\Program Files\Java\jdk1.6.0_20\jre\bin\hpi.dll
0x77260000 - 0x77265000 	C:\Windows\system32\PSAPI.DLL
0x6d8a0000 - 0x6d8af000 	C:\Program Files\Java\jdk1.6.0_20\jre\bin\zip.dll
0x6d0b0000 - 0x6d1fa000 	C:\Program Files\Java\jdk1.6.0_20\jre\bin\awt.dll
0x70240000 - 0x70291000 	C:\Windows\system32\WINSPOOL.DRV
0x75f40000 - 0x7609c000 	C:\Windows\system32\ole32.dll
0x748e0000 - 0x74a7e000 	C:\Windows\WinSxS\x86_microsoft.windows.common-controls_6595b64144ccf1df_6.0.7600.16385_none_421189da2b7fabfc\COMCTL32.dll
0x760a0000 - 0x760f7000 	C:\Windows\system32\SHLWAPI.dll
0x74360000 - 0x74373000 	C:\Windows\system32\DWMAPI.DLL
0x74730000 - 0x74770000 	C:\Windows\system32\uxtheme.dll
0x6d2e0000 - 0x6d334000 	C:\Program Files\Java\jdk1.6.0_20\jre\bin\fontmanager.dll
0x758d0000 - 0x758dc000 	C:\Windows\system32\CRYPTBASE.dll
0x6acf0000 - 0x6aeb3000 	C:\Windows\system32\d3d9.dll
0x74e50000 - 0x74e59000 	C:\Windows\system32\VERSION.dll
0x748c0000 - 0x748c6000 	C:\Windows\system32\d3d8thk.dll
0x71300000 - 0x71a5c000 	C:\Windows\system32\nvd3dum.dll
0x74570000 - 0x74595000 	C:\Windows\system32\powrprof.dll
0x75da0000 - 0x75f3d000 	C:\Windows\system32\SETUPAPI.dll
0x75a00000 - 0x75a27000 	C:\Windows\system32\CFGMGR32.dll
0x764f0000 - 0x7657f000 	C:\Windows\system32\OLEAUT32.dll
0x75a30000 - 0x75a42000 	C:\Windows\system32\DEVOBJ.dll
0x76580000 - 0x771c9000 	C:\Windows\system32\shell32.dll
0x6d420000 - 0x6d42d000 	C:\Program Files\Java\jdk1.6.0_20\jre\bin\JdbcOdbc.dll
0x06570000 - 0x065fa000 	C:\Windows\system32\ODBC32.dll
0x73090000 - 0x730c8000 	C:\Windows\system32\odbcint.dll
0x75510000 - 0x75527000 	C:\Windows\system32\bcrypt.dll
0x750b0000 - 0x750ed000 	C:\Windows\system32\bcryptprimitives.dll
0x5c040000 - 0x5c2c9000 	C:\Program Files\MySQL\Connector ODBC 5.1\myodbc5.dll
0x77420000 - 0x77455000 	C:\Windows\system32\WS2_32.dll
0x75d90000 - 0x75d96000 	C:\Windows\system32\NSI.dll
0x72290000 - 0x722ae000 	C:\Windows\system32\odbccp32.dll
0x73dc0000 - 0x73dd0000 	C:\Windows\system32\NLAapi.dll
0x75390000 - 0x753cc000 	C:\Windows\System32\mswsock.dll
0x75250000 - 0x75294000 	C:\Windows\system32\DNSAPI.dll
0x71c00000 - 0x71c08000 	C:\Windows\System32\winrnr.dll
0x71bf0000 - 0x71c00000 	C:\Windows\system32\napinsp.dll
0x71bd0000 - 0x71be2000 	C:\Windows\system32\pnrpnsp.dll
0x711d0000 - 0x711d6000 	C:\Windows\system32\rasadhlp.dll
0x74ee0000 - 0x74ee5000 	C:\Windows\System32\wshtcpip.dll
0x73b40000 - 0x73b5c000 	C:\Windows\system32\IPHLPAPI.DLL
0x73b30000 - 0x73b37000 	C:\Windows\system32\WINNSI.DLL
0x72620000 - 0x72658000 	C:\Windows\System32\fwpuclnt.dll
0x6d6c0000 - 0x6d6d3000 	C:\Program Files\Java\jdk1.6.0_20\jre\bin\net.dll
0x75380000 - 0x75386000 	C:\Windows\System32\wship6.dll
0x6d6e0000 - 0x6d6e9000 	C:\Program Files\Java\jdk1.6.0_20\jre\bin\nio.dll
0x6d250000 - 0x6d273000 	C:\Program Files\Java\jdk1.6.0_20\jre\bin\dcpr.dll

VM Arguments:
jvm_args: -Dfile.encoding=UTF-8 
java_command: Login.Usuarios
Launcher Type: SUN_STANDARD

Environment Variables:
JAVA_HOME=C:\Program Files\Java\jdk1.6.0_20
CLASSPATH=;C:\Program Files\Java\jdk1.6.0_20\lib
PATH=C:\Inprise\vbroker\bin;C:\Windows\system32;C:\Windows;C:\Windows\System32\Wbem;C:\Windows\System32\WindowsPowerShell\v1.0\;C:\Program Files\Java\jdk1.6.0_20\bin
USERNAME=admin
OS=Windows_NT
PROCESSOR_IDENTIFIER=x86 Family 6 Model 15 Stepping 13, GenuineIntel



---------------  S Y S T E M  ---------------

OS: Windows 7 Build 7600 

CPU:total 2 (2 cores per cpu, 1 threads per core) family 6 model 15 stepping 13, cmov, cx8, fxsr, mmx, sse, sse2, sse3, ssse3

Memory: 4k page, physical 1572088k(313548k free), swap 3144176k(1247548k free)

vm_info: Java HotSpot(TM) Client VM (16.3-b01) for windows-x86 JRE (1.6.0_20-b02), built on Apr 12 2010 13:52:23 by "java_re" with MS VC++ 7.1 (VS2003)

time: Sat Feb 12 20:24:36 2011
elapsed time: 87 seconds

