#
# A fatal error has been detected by the Java Runtime Environment:
#
#  EXCEPTION_ACCESS_VIOLATION (0xc0000005) at pc=0x75537a1f, pid=2476, tid=3672
#
# JRE version: 6.0_20-b02
# Java VM: Java HotSpot(TM) Client VM (16.3-b01 mixed mode, sharing windows-x86 )
# Problematic frame:
# C  [ole32.dll+0x37a1f]
#
# If you would like to submit a bug report, please visit:
#   http://java.sun.com/webapps/bugreport/crash.jsp
# The crash happened outside the Java Virtual Machine in native code.
# See problematic frame for where to report the bug.
#

---------------  T H R E A D  ---------------

Current thread (0x04a4bc00):  JavaThread "AWT-EventQueue-0" [_thread_in_native, id=3672, stack(0x05030000,0x05080000)]

siginfo: ExceptionCode=0xc0000005, writing address 0x00000028

Registers:
EAX=0x0507ed4c, EBX=0x75647758, ECX=0x00000000, EDX=0x00000000
ESP=0x0507ed1c, EBP=0x0507ed24, ESI=0x0507ed4c, EDI=0x00000028
EIP=0x75537a1f, EFLAGS=0x00010246

Top of Stack: (sp=0x0507ed1c)
0x0507ed1c:   005d7438 00599818 0507ed60 755376eb
0x0507ed2c:   0507ed4c 04aac860 005d7438 00000000
0x0507ed3c:   00000000 005eb840 00599818 00000000
0x0507ed4c:   00001c00 000009ac bc5e320f a5ea1739
0x0507ed5c:   94724413 0507ed7c 7553754a 04a60f68
0x0507ed6c:   00000000 7563d83e 04a66a30 005d7438
0x0507ed7c:   0507edc8 7558e0a1 947244bb 04a66a30
0x0507ed8c:   04a66a30 04aac860 0507edac 74f706e1 

Instructions: (pc=0x75537a1f)
0x75537a0f:   90 90 90 8b ff 55 8b ec 56 8b 75 08 57 8d 79 28
0x75537a1f:   a5 a5 a5 a5 5f 5e 5d c2 04 00 ff 75 0c ff 75 08 


Stack: [0x05030000,0x05080000],  sp=0x0507ed1c,  free space=13b0507e800k
Native frames: (J=compiled Java code, j=interpreted, Vv=VM code, C=native code)
C  [ole32.dll+0x37a1f]
C  [ole32.dll+0x376eb]
C  [ole32.dll+0x3754a]
C  [ole32.dll+0x8e0a1]

Java frames: (J=compiled Java code, j=interpreted, Vv=VM code)
j  sun.awt.windows.WComponentPeer.addNativeDropTarget()J+0
j  sun.awt.windows.WComponentPeer.addDropTarget(Ljava/awt/dnd/DropTarget;)V+9
j  java.awt.dnd.DropTarget.addNotify(Ljava/awt/peer/ComponentPeer;)V+60
j  java.awt.Component.addNotify()V+297
j  java.awt.Container.addNotify()V+8
j  javax.swing.JComponent.addNotify()V+1
j  java.awt.Container.addNotify()V+61
j  javax.swing.JComponent.addNotify()V+1
j  java.awt.Container.addNotify()V+61
j  javax.swing.JComponent.addNotify()V+1
j  java.awt.Container.addNotify()V+61
j  javax.swing.JComponent.addNotify()V+1
j  javax.swing.JRootPane.addNotify()V+5
j  java.awt.Container.addNotify()V+61
j  java.awt.Window.addNotify()V+73
j  java.awt.Dialog.addNotify()V+51
j  java.awt.Window.pack()V+28
j  javax.swing.JFileChooser.createDialog(Ljava/awt/Component;)Ljavax/swing/JDialog;+126
j  javax.swing.JFileChooser.showDialog(Ljava/awt/Component;Ljava/lang/String;)I+17
j  javax.swing.JFileChooser.showOpenDialog(Ljava/awt/Component;)I+8
j  Login.ControleGeral.jMenuItem31ActionPerformed(Ljava/awt/event/ActionEvent;)V+31
j  Login.ControleGeral.access$3800(LLogin/ControleGeral;Ljava/awt/event/ActionEvent;)V+2
j  Login.ControleGeral$37.actionPerformed(Ljava/awt/event/ActionEvent;)V+5
j  javax.swing.AbstractButton.fireActionPerformed(Ljava/awt/event/ActionEvent;)V+84
j  javax.swing.AbstractButton$Handler.actionPerformed(Ljava/awt/event/ActionEvent;)V+5
j  javax.swing.DefaultButtonModel.fireActionPerformed(Ljava/awt/event/ActionEvent;)V+35
j  javax.swing.DefaultButtonModel.setPressed(Z)V+117
j  javax.swing.AbstractButton.doClick(I)V+64
j  javax.swing.plaf.basic.BasicMenuItemUI.doClick(Ljavax/swing/MenuSelectionManager;)V+53
j  javax.swing.plaf.basic.BasicMenuItemUI$Handler.mouseReleased(Ljava/awt/event/MouseEvent;)V+62
j  java.awt.Component.processMouseEvent(Ljava/awt/event/MouseEvent;)V+64
j  javax.swing.JComponent.processMouseEvent(Ljava/awt/event/MouseEvent;)V+23
j  java.awt.Component.processEvent(Ljava/awt/AWTEvent;)V+81
j  java.awt.Container.processEvent(Ljava/awt/AWTEvent;)V+18
j  java.awt.Component.dispatchEventImpl(Ljava/awt/AWTEvent;)V+566
j  java.awt.Container.dispatchEventImpl(Ljava/awt/AWTEvent;)V+42
j  java.awt.Component.dispatchEvent(Ljava/awt/AWTEvent;)V+2
j  java.awt.LightweightDispatcher.retargetMouseEvent(Ljava/awt/Component;ILjava/awt/event/MouseEvent;)V+320
j  java.awt.LightweightDispatcher.processMouseEvent(Ljava/awt/event/MouseEvent;)Z+139
j  java.awt.LightweightDispatcher.dispatchEvent(Ljava/awt/AWTEvent;)Z+50
j  java.awt.Container.dispatchEventImpl(Ljava/awt/AWTEvent;)V+12
j  java.awt.Window.dispatchEventImpl(Ljava/awt/AWTEvent;)V+19
j  java.awt.Component.dispatchEvent(Ljava/awt/AWTEvent;)V+2
j  java.awt.EventQueue.dispatchEvent(Ljava/awt/AWTEvent;)V+46
j  java.awt.EventDispatchThread.pumpOneEventForFilters(I)Z+204
j  java.awt.EventDispatchThread.pumpEventsForFilter(ILjava/awt/Conditional;Ljava/awt/EventFilter;)V+30
j  java.awt.EventDispatchThread.pumpEventsForHierarchy(ILjava/awt/Conditional;Ljava/awt/Component;)V+11
j  java.awt.EventDispatchThread.pumpEvents(ILjava/awt/Conditional;)V+4
j  java.awt.EventDispatchThread.pumpEvents(Ljava/awt/Conditional;)V+3
j  java.awt.EventDispatchThread.run()V+9
v  ~StubRoutines::call_stub

---------------  P R O C E S S  ---------------

Java Threads: ( => current thread )
  0x04a66000 JavaThread "Swing-Shell" daemon [_thread_blocked, id=992, stack(0x0a8b0000,0x0a900000)]
  0x04bb1000 JavaThread "D3D Screen Updater" daemon [_thread_blocked, id=2128, stack(0x08960000,0x089b0000)]
  0x04bff800 JavaThread "Thread-2" [_thread_blocked, id=4012, stack(0x07940000,0x07990000)]
  0x04b9bc00 JavaThread "TimerQueue" daemon [_thread_blocked, id=3632, stack(0x078b0000,0x07900000)]
  0x04aa9800 JavaThread "Image Fetcher 0" daemon [_thread_blocked, id=2004, stack(0x07420000,0x07470000)]
  0x007f9000 JavaThread "DestroyJavaVM" [_thread_blocked, id=1000, stack(0x00200000,0x00250000)]
=>0x04a4bc00 JavaThread "AWT-EventQueue-0" [_thread_in_native, id=3672, stack(0x05030000,0x05080000)]
  0x04a4b000 JavaThread "AWT-Windows" daemon [_thread_in_native, id=3240, stack(0x04fa0000,0x04ff0000)]
  0x04a4a000 JavaThread "AWT-Shutdown" [_thread_blocked, id=4036, stack(0x04f10000,0x04f60000)]
  0x04a47c00 JavaThread "Java2D Disposer" daemon [_thread_blocked, id=1280, stack(0x04d60000,0x04db0000)]
  0x004ad000 JavaThread "Low Memory Detector" daemon [_thread_blocked, id=3184, stack(0x04930000,0x04980000)]
  0x004ab000 JavaThread "CompilerThread0" daemon [_thread_blocked, id=4236, stack(0x048a0000,0x048f0000)]
  0x004a9c00 JavaThread "Attach Listener" daemon [_thread_blocked, id=4112, stack(0x04810000,0x04860000)]
  0x004a7000 JavaThread "Signal Dispatcher" daemon [_thread_blocked, id=4392, stack(0x04780000,0x047d0000)]
  0x00462c00 JavaThread "Finalizer" daemon [_thread_blocked, id=4732, stack(0x046f0000,0x04740000)]
  0x00461800 JavaThread "Reference Handler" daemon [_thread_blocked, id=616, stack(0x04660000,0x046b0000)]

Other Threads:
  0x00460400 VMThread [stack: 0x045d0000,0x04620000] [id=1952]
  0x004aec00 WatcherThread [stack: 0x049c0000,0x04a10000] [id=3520]

VM state:not at safepoint (normal execution)

VM Mutex/Monitor currently owned by a thread: None

Heap
 def new generation   total 4928K, used 2133K [0x24590000, 0x24ae0000, 0x29ae0000)
  eden space 4416K,  36% used [0x24590000, 0x24725790, 0x249e0000)
  from space 512K, 100% used [0x24a60000, 0x24ae0000, 0x24ae0000)
  to   space 512K,   0% used [0x249e0000, 0x249e0000, 0x24a60000)
 tenured generation   total 10944K, used 5038K [0x29ae0000, 0x2a590000, 0x34590000)
   the space 10944K,  46% used [0x29ae0000, 0x29fcbad8, 0x29fcbc00, 0x2a590000)
 compacting perm gen  total 12288K, used 1751K [0x34590000, 0x35190000, 0x38590000)
   the space 12288K,  14% used [0x34590000, 0x34745ee8, 0x34746000, 0x35190000)
    ro space 10240K,  54% used [0x38590000, 0x38b0b760, 0x38b0b800, 0x38f90000)
    rw space 12288K,  55% used [0x38f90000, 0x3962f798, 0x3962f800, 0x39b90000)

Dynamic libraries:
0x00400000 - 0x00424000 	D:\Program Files (x86)\Java\jdk1.6.0_20\bin\java.exe
0x76fb0000 - 0x77130000 	D:\Windows\SysWOW64\ntdll.dll
0x76a90000 - 0x76b90000 	D:\Windows\syswow64\kernel32.dll
0x74f60000 - 0x74fa6000 	D:\Windows\syswow64\KERNELBASE.dll
0x74fb0000 - 0x75050000 	D:\Windows\syswow64\ADVAPI32.dll
0x75ad0000 - 0x75b7c000 	D:\Windows\syswow64\msvcrt.dll
0x75ab0000 - 0x75ac9000 	D:\Windows\SysWOW64\sechost.dll
0x75b80000 - 0x75c70000 	D:\Windows\syswow64\RPCRT4.dll
0x74b20000 - 0x74b80000 	D:\Windows\syswow64\SspiCli.dll
0x74b10000 - 0x74b1c000 	D:\Windows\syswow64\CRYPTBASE.dll
0x7c340000 - 0x7c396000 	D:\Program Files (x86)\Java\jdk1.6.0_20\jre\bin\msvcr71.dll
0x6d8b0000 - 0x6db47000 	D:\Program Files (x86)\Java\jdk1.6.0_20\jre\bin\client\jvm.dll
0x74b80000 - 0x74c80000 	D:\Windows\syswow64\USER32.dll
0x74d20000 - 0x74db0000 	D:\Windows\syswow64\GDI32.dll
0x74db0000 - 0x74dba000 	D:\Windows\syswow64\LPK.dll
0x74c80000 - 0x74d1d000 	D:\Windows\syswow64\USP10.dll
0x743c0000 - 0x743f2000 	D:\Windows\system32\WINMM.dll
0x75d50000 - 0x75db0000 	D:\Windows\system32\IMM32.DLL
0x75050000 - 0x7511c000 	D:\Windows\syswow64\MSCTF.dll
0x74330000 - 0x7437b000 	D:\Windows\system32\apphelp.dll
0x6d860000 - 0x6d86c000 	D:\Program Files (x86)\Java\jdk1.6.0_20\jre\bin\verify.dll
0x6d3e0000 - 0x6d3ff000 	D:\Program Files (x86)\Java\jdk1.6.0_20\jre\bin\java.dll
0x6d340000 - 0x6d348000 	D:\Program Files (x86)\Java\jdk1.6.0_20\jre\bin\hpi.dll
0x756a0000 - 0x756a5000 	D:\Windows\syswow64\PSAPI.DLL
0x6d8a0000 - 0x6d8af000 	D:\Program Files (x86)\Java\jdk1.6.0_20\jre\bin\zip.dll
0x6d0b0000 - 0x6d1fa000 	D:\Program Files (x86)\Java\jdk1.6.0_20\jre\bin\awt.dll
0x74230000 - 0x74281000 	D:\Windows\system32\WINSPOOL.DRV
0x75500000 - 0x7565c000 	D:\Windows\syswow64\ole32.dll
0x73e50000 - 0x73fee000 	D:\Windows\WinSxS\x86_microsoft.windows.common-controls_6595b64144ccf1df_6.0.7600.16385_none_421189da2b7fabfc\COMCTL32.dll
0x75210000 - 0x75267000 	D:\Windows\syswow64\SHLWAPI.dll
0x74210000 - 0x74223000 	D:\Windows\system32\DWMAPI.DLL
0x74190000 - 0x74210000 	D:\Windows\system32\uxtheme.dll
0x6d2e0000 - 0x6d334000 	D:\Program Files (x86)\Java\jdk1.6.0_20\jre\bin\fontmanager.dll
0x72630000 - 0x727f3000 	D:\Windows\system32\d3d9.dll
0x73560000 - 0x73569000 	D:\Windows\system32\VERSION.dll
0x740e0000 - 0x740e6000 	D:\Windows\system32\d3d8thk.dll
0x71ed0000 - 0x7262c000 	D:\Windows\system32\nvd3dum.dll
0x6e7c0000 - 0x6e7e5000 	D:\Windows\system32\powrprof.dll
0x74dc0000 - 0x74f5d000 	D:\Windows\syswow64\SETUPAPI.dll
0x75d20000 - 0x75d47000 	D:\Windows\syswow64\CFGMGR32.dll
0x75180000 - 0x7520f000 	D:\Windows\syswow64\OLEAUT32.dll
0x76b90000 - 0x76ba2000 	D:\Windows\syswow64\DEVOBJ.dll
0x75db0000 - 0x769f9000 	D:\Windows\syswow64\shell32.dll
0x6d500000 - 0x6d524000 	D:\Program Files (x86)\Java\jdk1.6.0_20\jre\bin\jpeg.dll
0x6d6c0000 - 0x6d6d3000 	D:\Program Files (x86)\Java\jdk1.6.0_20\jre\bin\net.dll
0x756c0000 - 0x756f5000 	D:\Windows\syswow64\WS2_32.dll
0x756b0000 - 0x756b6000 	D:\Windows\syswow64\NSI.dll
0x72f40000 - 0x72f7c000 	D:\Windows\system32\mswsock.dll
0x743b0000 - 0x743b6000 	D:\Windows\System32\wship6.dll
0x6d6e0000 - 0x6d6e9000 	D:\Program Files (x86)\Java\jdk1.6.0_20\jre\bin\nio.dll
0x76a00000 - 0x76a83000 	D:\Windows\syswow64\CLBCatQ.DLL
0x749f0000 - 0x74ae5000 	D:\Windows\system32\propsys.dll
0x749c0000 - 0x749e1000 	D:\Windows\system32\ntmarta.dll
0x75960000 - 0x759a5000 	D:\Windows\syswow64\WLDAP32.dll
0x74680000 - 0x74818000 	D:\Windows\system32\NetworkExplorer.dll
0x74960000 - 0x7498e000 	D:\Windows\System32\shdocvw.dll
0x74290000 - 0x7429b000 	D:\Windows\system32\profapi.dll
0x749b0000 - 0x749ba000 	D:\Windows\system32\slc.dll
0x731b0000 - 0x731c2000 	D:\Windows\system32\MPR.dll
0x74840000 - 0x74848000 	D:\Windows\System32\drprov.dll
0x74610000 - 0x74639000 	D:\Windows\System32\WINSTA.dll
0x74820000 - 0x74834000 	D:\Windows\System32\ntlanman.dll
0x745f0000 - 0x74606000 	D:\Windows\System32\davclnt.dll
0x745e0000 - 0x745e8000 	D:\Windows\System32\DAVHLPR.dll
0x745d0000 - 0x745df000 	D:\Windows\system32\wkscli.dll
0x74850000 - 0x7485b000 	D:\Windows\system32\cscapi.dll
0x74550000 - 0x74559000 	D:\Windows\system32\netutils.dll
0x739d0000 - 0x73c08000 	D:\Windows\system32\wpdshext.dll
0x73cc0000 - 0x73e50000 	D:\Windows\WinSxS\x86_microsoft.windows.gdiplus_6595b64144ccf1df_1.1.7600.16385_none_72fc7cbf861225ca\gdiplus.dll
0x744c0000 - 0x74549000 	D:\Windows\system32\PortableDeviceApi.dll
0x75cf0000 - 0x75d1d000 	D:\Windows\syswow64\WINTRUST.dll
0x75840000 - 0x7595c000 	D:\Windows\syswow64\CRYPT32.dll
0x75660000 - 0x7566c000 	D:\Windows\syswow64\MSASN1.dll
0x74490000 - 0x744bb000 	D:\Windows\system32\PortableDeviceTypes.dll
0x74410000 - 0x7444f000 	D:\Windows\system32\audiodev.dll
0x732f0000 - 0x73557000 	D:\Windows\system32\WMVCore.DLL
0x74450000 - 0x7448d000 	D:\Windows\system32\WMASF.DLL
0x74640000 - 0x74671000 	D:\Windows\system32\EhStorShell.dll
0x74160000 - 0x74182000 	D:\Windows\system32\EhStorAPI.dll
0x74400000 - 0x74409000 	D:\Windows\system32\LINKINFO.dll
0x74860000 - 0x7495b000 	D:\Windows\system32\WindowsCodecs.dll
0x74560000 - 0x745cf000 	D:\Windows\system32\ntshrui.dll
0x74990000 - 0x749a9000 	D:\Windows\system32\srvcli.dll
0x742f0000 - 0x74306000 	D:\Windows\system32\CRYPTSP.dll
0x742b0000 - 0x742eb000 	D:\Windows\system32\rsaenh.dll
0x737f0000 - 0x737fe000 	D:\Windows\system32\RpcRtRemote.dll

VM Arguments:
jvm_args: -Dfile.encoding=UTF-8 -Djava.security.policy=applet.policy 
java_command: Login.ControleGeral
Launcher Type: SUN_STANDARD

Environment Variables:
PATH=C:\Inprise\vbroker\bin;D:\Windows\system32;D:\Windows;D:\Windows\System32\Wbem;D:\Windows\System32\WindowsPowerShell\v1.0\
USERNAME=adm
OS=Windows_NT
PROCESSOR_IDENTIFIER=Intel64 Family 6 Model 15 Stepping 13, GenuineIntel



---------------  S Y S T E M  ---------------

OS: Windows 7 Build 7600 

CPU:total 2 (2 cores per cpu, 1 threads per core) family 6 model 15 stepping 13, cmov, cx8, fxsr, mmx, sse, sse2, sse3, ssse3

Memory: 4k page, physical 1572088k(478732k free), swap 4066832k(2621240k free)

vm_info: Java HotSpot(TM) Client VM (16.3-b01) for windows-x86 JRE (1.6.0_20-b02), built on Apr 12 2010 13:52:23 by "java_re" with MS VC++ 7.1 (VS2003)

time: Sat Dec 11 11:58:50 2010
elapsed time: 7 seconds

